<?xml version="1.0" encoding="UTF-8"?>
<!-- Generated by org.testng.reporters.JUnitXMLReporter -->
<testsuite ignored="0" hostname="VenD" failures="0" tests="5" name="Test" time="7.264" errors="0" timestamp="19 Jun 2018 17:41:50 GMT">
  <testcase classname="userRegistrationController.GETUser" name="GetTest" time="1.872"/>
  <testcase classname="userRegistrationController.PUTUser" name="PutTest" time="1.079"/>
  <testcase classname="userRegistrationController.POSTUser" name="PostTest" time="2.404"/>
  <testcase classname="userRegistrationController.PATCHlicense" name="PatchTest" time="0.595"/>
  <testcase classname="userRegistrationController.newExtraction" name="PutAndGet" time="1.242"/>
</testsuite> <!-- Test -->
