<?xml version="1.0" encoding="UTF-8"?>
<testng-results ignored="0" total="1" passed="1" failed="0" skipped="0">
  <reporter-output>
  </reporter-output>
  <suite started-at="2018-06-20T04:48:24Z" name="Default suite" finished-at="2018-06-20T04:48:28Z" duration-ms="3973">
    <groups>
    </groups>
    <test started-at="2018-06-20T04:48:24Z" name="Default test" finished-at="2018-06-20T04:48:28Z" duration-ms="3973">
      <class name="userRegistrationController.POSTUser">
        <test-method is-config="true" signature="getdata()[pri:0, instance:userRegistrationController.POSTUser@8c3b9d]" started-at="2018-06-20T04:48:24Z" name="getdata" finished-at="2018-06-20T04:48:24Z" duration-ms="14" status="PASS">
          <reporter-output>
          </reporter-output>
        </test-method> <!-- getdata -->
        <test-method signature="PostTest()[pri:0, instance:userRegistrationController.POSTUser@8c3b9d]" started-at="2018-06-20T04:48:24Z" name="PostTest" finished-at="2018-06-20T04:48:28Z" duration-ms="3934" status="PASS">
          <reporter-output>
          </reporter-output>
        </test-method> <!-- PostTest -->
      </class> <!-- userRegistrationController.POSTUser -->
    </test> <!-- Default test -->
  </suite> <!-- Default suite -->
</testng-results>
